[2023-05-20 00:02:09] INFO root fetch - main [MainThread]: Get Changelog since Serial: [18176044]
[2023-05-20 00:02:14] INFO root fetch - main [MainThread]: Found 8 changed packages
[2023-05-20 00:02:14] INFO root fetch - processPackages [ThreadPoolExecutor-0_0]: Start processing: camset
[2023-05-20 00:02:14] INFO root fetch - processPackages [ThreadPoolExecutor-0_1]: Start processing: rapidpro-flow-tools
[2023-05-20 00:02:14] INFO root fetch - processPackages [ThreadPoolExecutor-0_2]: Start processing: fastqueue-lib
[2023-05-20 00:02:14] INFO root fetch - processPackages [ThreadPoolExecutor-0_3]: Start processing: reactivated
[2023-05-20 00:02:14] INFO root fetch - processPackages [ThreadPoolExecutor-0_4]: Start processing: hx-requests
[2023-05-20 00:02:14] INFO root fetch - processPackages [ThreadPoolExecutor-0_5]: Start processing: kcli
[2023-05-20 00:02:14] INFO root fetch - processPackages [ThreadPoolExecutor-0_6]: Start processing: manager-api
[2023-05-20 00:02:14] INFO root fetch - processPackages [ThreadPoolExecutor-0_7]: Start processing: tapdance
[2023-05-20 00:02:14] INFO root fetch - processPackages [rapidpro-flow-tools]: New version: [1.0.2] Old Version: [1.0.1]
[2023-05-20 00:02:14] INFO root fetch - processPackages [hx-requests]: New version: [0.9.0] Old Version: [0.8.0]
[2023-05-20 00:02:14] INFO root fetch - processPackages [camset]: New version: [0.0.9] Old Version: [0.0.8]
[2023-05-20 00:02:14] INFO root fetch - processPackages [fastqueue-lib]: New version: [0.0.9] Old Version: [0.0.8]
[2023-05-20 00:02:14] INFO root fetch - processPackages [reactivated]: New version: [3.0.0a64] Old Version: [0.9.0]
[2023-05-20 00:02:14] INFO root fetch - processPackages [kcli]: New version: [99.0.202305192200] Old Version: [99.0.202305191812]
[2023-05-20 00:02:14] INFO root fetch - processPackages [manager-api]: New version: [0.1.3] Old Version: [0.1.2]
[2023-05-20 00:02:14] INFO root fetch - processPackages [tapdance]: New version: [0.9.9.dev301] Old Version: [0.9.9.dev299]
[2023-05-20 00:02:14] INFO root fetch - processPackages [hx-requests]: executing diffoscope
[2023-05-20 00:02:14] INFO root fetch - processPackages [hx-requests]: podman run --user 0:0 --rm -w /home/abi/fetcher -v /home/abi/fetcher/tmp:/home/abi/fetcher/tmp:ro -v /home/abi/fetcher/20230520:/home/abi/fetcher/20230520:rw registry.salsa.debian.org/reproducible-builds/diffoscope --no-progress tmp/hx_requests-0.8.0.tar.gz tmp/hx_requests-0.9.0.tar.gz --markdown 20230520/h/hx-requests/0.8.0-0.9.0/diff.md --exclude *.pyd
[2023-05-20 00:02:14] INFO root fetch - processPackages [fastqueue-lib]: Downloading https://files.pythonhosted.org/packages/e9/ad/c0b005e75a58ccc5ab669dc67ad93d87b7e19472940cf79bf44cb7a3212d/fastqueue-lib-0.0.8.tar.gz
[2023-05-20 00:02:14] INFO root fetch - processPackages [reactivated]: executing diffoscope
[2023-05-20 00:02:14] INFO root fetch - processPackages [reactivated]: podman run --user 0:0 --rm -w /home/abi/fetcher -v /home/abi/fetcher/tmp:/home/abi/fetcher/tmp:ro -v /home/abi/fetcher/20230520:/home/abi/fetcher/20230520:rw registry.salsa.debian.org/reproducible-builds/diffoscope --no-progress tmp/reactivated-0.9.0.tar.gz tmp/reactivated-3.0.0a64.tar.gz --markdown 20230520/r/reactivated/0.9.0-3.0.0a64/diff.md --exclude *.pyd
[2023-05-20 00:02:14] INFO root fetch - processPackages [camset]: Downloading https://files.pythonhosted.org/packages/04/c8/404dec8eb94f2f1be0aabf1d89db3349470244123586bdb1a112f0e4dd37/camset-0.0.8-py3-none-any.whl
[2023-05-20 00:02:14] INFO root fetch - processPackages [kcli]: Downloading https://files.pythonhosted.org/packages/a3/58/687b2b2a530ed2b4e02cb3c924313757938575825ba2b3d78d98a03da973/kcli-99.0.202305191812-py3-none-any.whl
[2023-05-20 00:02:14] INFO root fetch - processPackages [tapdance]: Downloading https://files.pythonhosted.org/packages/69/93/a7c3f7da9ddcba05fe681f64008e96d82ffe8660682c30356cc9613ee373/tapdance-0.9.9.dev299.tar.gz
[2023-05-20 00:02:14] INFO root fetch - processPackages [manager-api]: Downloading https://files.pythonhosted.org/packages/76/c0/fadb070fe372019dba6552c2c9a0e55b602424dae86b25c1de95d68505ef/manager-api-0.1.2.tar.gz
[2023-05-20 00:02:14] INFO root fetch - processPackages [rapidpro-flow-tools]: Downloading https://files.pythonhosted.org/packages/74/bd/7014e12f2df6c527057ae99b9c77e7de335fc2a11ffa53c17543f613a181/rapidpro_flow_tools-1.0.2.tar.gz
[2023-05-20 00:02:14] INFO root fetch - processPackages [fastqueue-lib]: Downloading https://files.pythonhosted.org/packages/90/0e/8d1c85dc3048c9317a1d0c2a09052983b539361fad0929f07f514a609d03/fastqueue-lib-0.0.9.tar.gz
[2023-05-20 00:02:14] INFO root fetch - processPackages [kcli]: Downloading https://files.pythonhosted.org/packages/65/ab/12c424729f372917c6d4ecde1ce838c9ffdca658b82f2dda1c6b0f195776/kcli-99.0.202305192200-py3-none-any.whl
[2023-05-20 00:02:14] INFO root fetch - processPackages [manager-api]: Downloading https://files.pythonhosted.org/packages/a4/78/2ad11d397bae12fcd73e4bd563097c841e2edf38545b09c6cd40daa40610/manager-api-0.1.3.tar.gz
[2023-05-20 00:02:14] INFO root fetch - processPackages [rapidpro-flow-tools]: executing diffoscope
[2023-05-20 00:02:14] INFO root fetch - processPackages [rapidpro-flow-tools]: podman run --user 0:0 --rm -w /home/abi/fetcher -v /home/abi/fetcher/tmp:/home/abi/fetcher/tmp:ro -v /home/abi/fetcher/20230520:/home/abi/fetcher/20230520:rw registry.salsa.debian.org/reproducible-builds/diffoscope --no-progress tmp/rapidpro_flow_tools-1.0.1.tar.gz tmp/rapidpro_flow_tools-1.0.2.tar.gz --markdown 20230520/r/rapidpro-flow-tools/1.0.1-1.0.2/diff.md --exclude *.pyd
[2023-05-20 00:02:14] INFO root fetch - processPackages [tapdance]: Downloading https://files.pythonhosted.org/packages/54/76/3b00f92c9aa1f16fd4fb6beb5bbc43af0d822489e361a3b29926c889e3bf/tapdance-0.9.9.dev301.tar.gz
[2023-05-20 00:02:14] INFO root fetch - processPackages [fastqueue-lib]: executing diffoscope
[2023-05-20 00:02:14] INFO root fetch - processPackages [fastqueue-lib]: podman run --user 0:0 --rm -w /home/abi/fetcher -v /home/abi/fetcher/tmp:/home/abi/fetcher/tmp:ro -v /home/abi/fetcher/20230520:/home/abi/fetcher/20230520:rw registry.salsa.debian.org/reproducible-builds/diffoscope --no-progress tmp/fastqueue-lib-0.0.8.tar.gz tmp/fastqueue-lib-0.0.9.tar.gz --markdown 20230520/f/fastqueue-lib/0.0.8-0.0.9/diff.md --exclude *.pyd
[2023-05-20 00:02:14] INFO root fetch - processPackages [camset]: Downloading https://files.pythonhosted.org/packages/03/aa/b433927ae973bd7452983b53299faedaa7c50f4a467785a4c1f9522ce8c4/camset-0.0.9-py3-none-any.whl
[2023-05-20 00:02:14] INFO root fetch - processPackages [tapdance]: executing diffoscope
[2023-05-20 00:02:14] INFO root fetch - processPackages [tapdance]: podman run --user 0:0 --rm -w /home/abi/fetcher -v /home/abi/fetcher/tmp:/home/abi/fetcher/tmp:ro -v /home/abi/fetcher/20230520:/home/abi/fetcher/20230520:rw registry.salsa.debian.org/reproducible-builds/diffoscope --no-progress tmp/tapdance-0.9.9.dev299.tar.gz tmp/tapdance-0.9.9.dev301.tar.gz --markdown 20230520/t/tapdance/0.9.9.dev299-0.9.9.dev301/diff.md --exclude *.pyd
[2023-05-20 00:02:14] INFO root fetch - processPackages [camset]: executing diffoscope
[2023-05-20 00:02:14] INFO root fetch - processPackages [camset]: podman run --user 0:0 --rm -w /home/abi/fetcher -v /home/abi/fetcher/tmp:/home/abi/fetcher/tmp:ro -v /home/abi/fetcher/20230520:/home/abi/fetcher/20230520:rw registry.salsa.debian.org/reproducible-builds/diffoscope --no-progress tmp/camset-0.0.8-py3-none-any.whl.zip tmp/camset-0.0.9-py3-none-any.whl.zip --markdown 20230520/c/camset/0.0.8-0.0.9/diff.md --exclude *.pyd
[2023-05-20 00:02:14] INFO root fetch - processPackages [manager-api]: executing diffoscope
[2023-05-20 00:02:14] INFO root fetch - processPackages [manager-api]: podman run --user 0:0 --rm -w /home/abi/fetcher -v /home/abi/fetcher/tmp:/home/abi/fetcher/tmp:ro -v /home/abi/fetcher/20230520:/home/abi/fetcher/20230520:rw registry.salsa.debian.org/reproducible-builds/diffoscope --no-progress tmp/manager-api-0.1.2.tar.gz tmp/manager-api-0.1.3.tar.gz --markdown 20230520/m/manager-api/0.1.2-0.1.3/diff.md --exclude *.pyd
[2023-05-20 00:02:15] INFO root fetch - processPackages [kcli]: executing diffoscope
[2023-05-20 00:02:15] INFO root fetch - processPackages [kcli]: podman run --user 0:0 --rm -w /home/abi/fetcher -v /home/abi/fetcher/tmp:/home/abi/fetcher/tmp:ro -v /home/abi/fetcher/20230520:/home/abi/fetcher/20230520:rw registry.salsa.debian.org/reproducible-builds/diffoscope --no-progress tmp/kcli-99.0.202305191812-py3-none-any.whl.zip tmp/kcli-99.0.202305192200-py3-none-any.whl.zip --markdown 20230520/k/kcli/99.0.202305191812-99.0.202305192200/diff.md --exclude *.pyd
[2023-05-20 00:02:15] INFO root fetch - main [MainThread]: End processing [hx-requests]: success
[2023-05-20 00:02:16] INFO root fetch - main [MainThread]: End processing [reactivated]: success
[2023-05-20 00:02:16] INFO root fetch - main [MainThread]: End processing [camset]: success
[2023-05-20 00:02:16] INFO root fetch - main [MainThread]: End processing [fastqueue-lib]: success
[2023-05-20 00:02:16] INFO root fetch - main [MainThread]: End processing [tapdance]: success
[2023-05-20 00:02:16] INFO root fetch - main [MainThread]: End processing [manager-api]: success
[2023-05-20 00:02:17] INFO root fetch - main [MainThread]: End processing [rapidpro-flow-tools]: success
[2023-05-20 00:02:23] INFO root fetch - main [MainThread]: End processing [kcli]: success
[2023-05-20 00:02:23] INFO root fetch - main [MainThread]: Store serial: [18176066]
[2023-05-20 00:07:27] INFO root fetch - main [MainThread]: Get Changelog since Serial: [18176066]
[2023-05-20 00:07:32] INFO root fetch - main [MainThread]: Found 11 changed packages
[2023-05-20 00:07:32] INFO root fetch - processPackages [ThreadPoolExecutor-0_0]: Start processing: hiddifypanel
[2023-05-20 00:07:32] INFO root fetch - processPackages [ThreadPoolExecutor-0_1]: Start processing: lqs-client
[2023-05-20 00:07:32] INFO root fetch - processPackages [ThreadPoolExecutor-0_2]: Start processing: kfish
[2023-05-20 00:07:32] INFO root fetch - processPackages [ThreadPoolExecutor-0_3]: Start processing: find-old-large-files
[2023-05-20 00:07:32] INFO root fetch - processPackages [ThreadPoolExecutor-0_4]: Start processing: gitea-backup
[2023-05-20 00:07:32] INFO root fetch - processPackages [ThreadPoolExecutor-0_5]: Start processing: gitea-backup
[2023-05-20 00:07:32] INFO root fetch - processPackages [ThreadPoolExecutor-0_6]: Start processing: gitea-backup
[2023-05-20 00:07:32] INFO root fetch - processPackages [ThreadPoolExecutor-0_7]: Start processing: SWFUtils
[2023-05-20 00:07:32] INFO root fetch - processPackages [ThreadPoolExecutor-0_8]: Start processing: spotigrabber
[2023-05-20 00:07:32] INFO root fetch - processPackages [ThreadPoolExecutor-0_9]: Start processing: horde-model-reference
[2023-05-20 00:07:32] INFO root fetch - processPackages [lqs-client]: New version: [0.0.9] Old Version: [0.0.8]
[2023-05-20 00:07:32] INFO root fetch - processPackages [kfish]: New version: [99.0.202305192204] Old Version: [99.0.202305191815]
[2023-05-20 00:07:32] INFO root fetch - processPackages [find-old-large-files]: New version: [0.4.5] Old Version: [0.4.4]
[2023-05-20 00:07:32] INFO root fetch - processPackages [gitea-backup]: New version: [2.1.3] Old Version: [2.1.2]
[2023-05-20 00:07:32] INFO root fetch - processPackages [spotigrabber]: New version: [0.0.2] Old Version: [0.0.1]
[2023-05-20 00:07:32] INFO root fetch - processPackages [gitea-backup]: New version: [2.1.3] Old Version: [2.1.2]
[2023-05-20 00:07:32] INFO root fetch - processPackages [hiddifypanel]: New version: [7.0.0.dev9] Old Version: [7.0.0.dev8]
[2023-05-20 00:07:32] INFO root fetch - processPackages [gitea-backup]: New version: [2.1.3] Old Version: [2.1.2]
[2023-05-20 00:07:32] WARNING root fetch - processPackages [SWFUtils]: Skipping, unable to determine old version
[2023-05-20 00:07:32] INFO root fetch - processPackages [SWFUtils]: Start processing: cijoe
[2023-05-20 00:07:32] INFO root fetch - main [MainThread]: End processing [SWFUtils] error
[2023-05-20 00:07:32] INFO root fetch - processPackages [cijoe]: New version: [0.9.9] Old Version: [0.9.8]
[2023-05-20 00:07:32] INFO root fetch - processPackages [horde-model-reference]: New version: [0.1.1] Old Version: [0.0.9]
[2023-05-20 00:07:32] INFO root fetch - processPackages [lqs-client]: executing diffoscope
[2023-05-20 00:07:32] INFO root fetch - processPackages [lqs-client]: podman run --user 0:0 --rm -w /home/abi/fetcher -v /home/abi/fetcher/tmp:/home/abi/fetcher/tmp:ro -v /home/abi/fetcher/20230520:/home/abi/fetcher/20230520:rw registry.salsa.debian.org/reproducible-builds/diffoscope --no-progress tmp/lqs-client-0.0.8.tar.gz tmp/lqs-client-0.0.9.tar.gz --markdown 20230520/l/lqs-client/0.0.8-0.0.9/diff.md --exclude *.pyd
[2023-05-20 00:07:32] INFO root fetch - processPackages [cijoe]: executing diffoscope
[2023-05-20 00:07:32] INFO root fetch - processPackages [cijoe]: podman run --user 0:0 --rm -w /home/abi/fetcher -v /home/abi/fetcher/tmp:/home/abi/fetcher/tmp:ro -v /home/abi/fetcher/20230520:/home/abi/fetcher/20230520:rw registry.salsa.debian.org/reproducible-builds/diffoscope --no-progress tmp/cijoe-0.9.8.tar.gz tmp/cijoe-0.9.9.tar.gz --markdown 20230520/c/cijoe/0.9.8-0.9.9/diff.md --exclude *.pyd
[2023-05-20 00:07:32] INFO root fetch - processPackages [gitea-backup]: Downloading https://files.pythonhosted.org/packages/02/db/6b8eafdf52ed9dd4b281141333797ee8df579fe7bdaa3e871abab60c37ab/gitea-backup-2.1.2.tar.gz
[2023-05-20 00:07:32] INFO root fetch - processPackages [gitea-backup]: Downloading https://files.pythonhosted.org/packages/02/db/6b8eafdf52ed9dd4b281141333797ee8df579fe7bdaa3e871abab60c37ab/gitea-backup-2.1.2.tar.gz
[2023-05-20 00:07:32] INFO root fetch - processPackages [gitea-backup]: Downloading https://files.pythonhosted.org/packages/02/db/6b8eafdf52ed9dd4b281141333797ee8df579fe7bdaa3e871abab60c37ab/gitea-backup-2.1.2.tar.gz
[2023-05-20 00:07:32] INFO root fetch - processPackages [kfish]: Downloading https://files.pythonhosted.org/packages/74/6b/1183c5a53d76c777541b988603b45b3555f36ce80ff34d39780f3d482cf3/kfish-99.0.202305191815-py3-none-any.whl
[2023-05-20 00:07:32] INFO root fetch - processPackages [hiddifypanel]: Downloading https://files.pythonhosted.org/packages/3b/cb/eccbc06cf47535872ef62de67653c843508f17105ab5d0754bbe5fc09bb5/hiddifypanel-7.0.0.dev9-cp39-cp39-manylinux2014_x86_64.whl
[2023-05-20 00:07:32] INFO root fetch - processPackages [find-old-large-files]: Downloading https://files.pythonhosted.org/packages/b9/f8/db0f0946430ebdf5a1643bb695b1b97af9947e3bed43dbfffeb00ba8183c/find_old_large_files-0.4.5.tar.gz
[2023-05-20 00:07:32] INFO root fetch - processPackages [spotigrabber]: Downloading https://files.pythonhosted.org/packages/1c/9e/7a0ea4b8c12a71aace5e25265e531c73774f4c87371d9ef27c76de840609/spotigrabber-0.0.1.tar.gz
[2023-05-20 00:07:32] INFO root fetch - processPackages [find-old-large-files]: executing diffoscope
[2023-05-20 00:07:32] INFO root fetch - processPackages [find-old-large-files]: podman run --user 0:0 --rm -w /home/abi/fetcher -v /home/abi/fetcher/tmp:/home/abi/fetcher/tmp:ro -v /home/abi/fetcher/20230520:/home/abi/fetcher/20230520:rw registry.salsa.debian.org/reproducible-builds/diffoscope --no-progress tmp/find_old_large_files-0.4.4.tar.gz tmp/find_old_large_files-0.4.5.tar.gz --markdown 20230520/f/find-old-large-files/0.4.4-0.4.5/diff.md --exclude *.pyd
[2023-05-20 00:07:32] INFO root fetch - processPackages [gitea-backup]: Downloading https://files.pythonhosted.org/packages/61/8e/ddfc82f5d9f5f430a79f7039cc0a1c80f7d5a030fb1e530653c0146a0ba7/gitea-backup-2.1.3.tar.gz
[2023-05-20 00:07:32] INFO root fetch - processPackages [gitea-backup]: Downloading https://files.pythonhosted.org/packages/61/8e/ddfc82f5d9f5f430a79f7039cc0a1c80f7d5a030fb1e530653c0146a0ba7/gitea-backup-2.1.3.tar.gz
[2023-05-20 00:07:32] INFO root fetch - processPackages [gitea-backup]: Downloading https://files.pythonhosted.org/packages/61/8e/ddfc82f5d9f5f430a79f7039cc0a1c80f7d5a030fb1e530653c0146a0ba7/gitea-backup-2.1.3.tar.gz
[2023-05-20 00:07:32] INFO root fetch - processPackages [kfish]: Downloading https://files.pythonhosted.org/packages/32/65/d130141b5590ab409826eb849c59d11030cd7ab1d6d0cd0801c786b162c4/kfish-99.0.202305192204-py3-none-any.whl
[2023-05-20 00:07:32] INFO root fetch - processPackages [horde-model-reference]: Downloading https://files.pythonhosted.org/packages/db/59/22ccb7701c58f7135f4a4a5694f56585130af672565feee9404b92719f4a/horde_model_reference-0.1.1-py3-none-any.whl
[2023-05-20 00:07:32] INFO root fetch - processPackages [spotigrabber]: Downloading https://files.pythonhosted.org/packages/d6/12/4528a1f51aab687bbe94f761b528f76ffe0aa64f85192c16448d1a890cd9/spotigrabber-0.0.2.tar.gz
[2023-05-20 00:07:32] INFO root fetch - processPackages [gitea-backup]: executing diffoscope
[2023-05-20 00:07:32] INFO root fetch - processPackages [gitea-backup]: podman run --user 0:0 --rm -w /home/abi/fetcher -v /home/abi/fetcher/tmp:/home/abi/fetcher/tmp:ro -v /home/abi/fetcher/20230520:/home/abi/fetcher/20230520:rw registry.salsa.debian.org/reproducible-builds/diffoscope --no-progress tmp/gitea-backup-2.1.2.tar.gz tmp/gitea-backup-2.1.3.tar.gz --markdown 20230520/g/gitea-backup/2.1.2-2.1.3/diff.md --exclude *.pyd
[2023-05-20 00:07:32] INFO root fetch - processPackages [gitea-backup]: executing diffoscope
[2023-05-20 00:07:32] INFO root fetch - processPackages [gitea-backup]: podman run --user 0:0 --rm -w /home/abi/fetcher -v /home/abi/fetcher/tmp:/home/abi/fetcher/tmp:ro -v /home/abi/fetcher/20230520:/home/abi/fetcher/20230520:rw registry.salsa.debian.org/reproducible-builds/diffoscope --no-progress tmp/gitea-backup-2.1.2.tar.gz tmp/gitea-backup-2.1.3.tar.gz --markdown 20230520/g/gitea-backup/2.1.2-2.1.3/diff.md --exclude *.pyd
[2023-05-20 00:07:32] INFO root fetch - processPackages [gitea-backup]: executing diffoscope
[2023-05-20 00:07:32] INFO root fetch - processPackages [gitea-backup]: podman run --user 0:0 --rm -w /home/abi/fetcher -v /home/abi/fetcher/tmp:/home/abi/fetcher/tmp:ro -v /home/abi/fetcher/20230520:/home/abi/fetcher/20230520:rw registry.salsa.debian.org/reproducible-builds/diffoscope --no-progress tmp/gitea-backup-2.1.2.tar.gz tmp/gitea-backup-2.1.3.tar.gz --markdown 20230520/g/gitea-backup/2.1.2-2.1.3/diff.md --exclude *.pyd
[2023-05-20 00:07:32] INFO root fetch - processPackages [kfish]: executing diffoscope
[2023-05-20 00:07:32] INFO root fetch - processPackages [kfish]: podman run --user 0:0 --rm -w /home/abi/fetcher -v /home/abi/fetcher/tmp:/home/abi/fetcher/tmp:ro -v /home/abi/fetcher/20230520:/home/abi/fetcher/20230520:rw registry.salsa.debian.org/reproducible-builds/diffoscope --no-progress tmp/kfish-99.0.202305191815-py3-none-any.whl.zip tmp/kfish-99.0.202305192204-py3-none-any.whl.zip --markdown 20230520/k/kfish/99.0.202305191815-99.0.202305192204/diff.md --exclude *.pyd
[2023-05-20 00:07:32] INFO root fetch - processPackages [horde-model-reference]: executing diffoscope
[2023-05-20 00:07:32] INFO root fetch - processPackages [horde-model-reference]: podman run --user 0:0 --rm -w /home/abi/fetcher -v /home/abi/fetcher/tmp:/home/abi/fetcher/tmp:ro -v /home/abi/fetcher/20230520:/home/abi/fetcher/20230520:rw registry.salsa.debian.org/reproducible-builds/diffoscope --no-progress tmp/horde_model_reference-0.0.9-py3-none-any.whl.zip tmp/horde_model_reference-0.1.1-py3-none-any.whl.zip --markdown 20230520/h/horde-model-reference/0.0.9-0.1.1/diff.md --exclude *.pyd
[2023-05-20 00:07:32] INFO root fetch - processPackages [spotigrabber]: executing diffoscope
[2023-05-20 00:07:32] INFO root fetch - processPackages [spotigrabber]: podman run --user 0:0 --rm -w /home/abi/fetcher -v /home/abi/fetcher/tmp:/home/abi/fetcher/tmp:ro -v /home/abi/fetcher/20230520:/home/abi/fetcher/20230520:rw registry.salsa.debian.org/reproducible-builds/diffoscope --no-progress tmp/spotigrabber-0.0.1.tar.gz tmp/spotigrabber-0.0.2.tar.gz --markdown 20230520/s/spotigrabber/0.0.1-0.0.2/diff.md --exclude *.pyd
[2023-05-20 00:07:33] INFO root fetch - processPackages [hiddifypanel]: executing diffoscope
[2023-05-20 00:07:33] INFO root fetch - processPackages [hiddifypanel]: podman run --user 0:0 --rm -w /home/abi/fetcher -v /home/abi/fetcher/tmp:/home/abi/fetcher/tmp:ro -v /home/abi/fetcher/20230520:/home/abi/fetcher/20230520:rw registry.salsa.debian.org/reproducible-builds/diffoscope --no-progress tmp/hiddifypanel-7.0.0.dev8-cp39-cp39-manylinux2014_x86_64.whl.zip tmp/hiddifypanel-7.0.0.dev9-cp39-cp39-manylinux2014_x86_64.whl.zip --markdown 20230520/h/hiddifypanel/7.0.0.dev8-7.0.0.dev9/diff.md --exclude *.pyd
[2023-05-20 00:07:33] INFO root fetch - main [MainThread]: End processing [cijoe]: success
[2023-05-20 00:07:34] INFO root fetch - main [MainThread]: End processing [lqs-client]: success
[2023-05-20 00:07:34] INFO root fetch - main [MainThread]: End processing [find-old-large-files]: success
[2023-05-20 00:07:34] INFO root fetch - main [MainThread]: End processing [gitea-backup]: success
[2023-05-20 00:07:34] INFO root fetch - main [MainThread]: End processing [kfish]: success
[2023-05-20 00:07:34] INFO root fetch - main [MainThread]: End processing [spotigrabber]: success
[2023-05-20 00:07:34] INFO root fetch - main [MainThread]: End processing [gitea-backup]: success
[2023-05-20 00:07:34] INFO root fetch - main [MainThread]: End processing [gitea-backup]: success
[2023-05-20 00:07:35] INFO root fetch - main [MainThread]: End processing [horde-model-reference]: success
[2023-05-20 00:07:55] INFO root fetch - main [MainThread]: End processing [hiddifypanel]: success
[2023-05-20 00:07:55] INFO root fetch - main [MainThread]: Store serial: [18176108]
[2023-05-20 00:12:59] INFO root fetch - main [MainThread]: Get Changelog since Serial: [18176108]
[2023-05-20 00:13:04] INFO root fetch - main [MainThread]: Found 15 changed packages
[2023-05-20 00:13:04] INFO root fetch - processPackages [ThreadPoolExecutor-0_0]: Start processing: vgs-api-client
[2023-05-20 00:13:04] INFO root fetch - processPackages [ThreadPoolExecutor-0_1]: Start processing: databricks-feature-store
[2023-05-20 00:13:04] INFO root fetch - processPackages [ThreadPoolExecutor-0_2]: Start processing: pythonfinder
[2023-05-20 00:13:04] INFO root fetch - processPackages [ThreadPoolExecutor-0_3]: Start processing: vtclear
[2023-05-20 00:13:04] INFO root fetch - processPackages [ThreadPoolExecutor-0_4]: Start processing: hordelib
[2023-05-20 00:13:04] INFO root fetch - processPackages [ThreadPoolExecutor-0_5]: Start processing: curvesim
[2023-05-20 00:13:04] INFO root fetch - processPackages [ThreadPoolExecutor-0_6]: Start processing: lqs-client
[2023-05-20 00:13:04] INFO root fetch - processPackages [ThreadPoolExecutor-0_7]: Start processing: agixt
[2023-05-20 00:13:04] INFO root fetch - processPackages [ThreadPoolExecutor-0_8]: Start processing: passagerole
[2023-05-20 00:13:04] INFO root fetch - processPackages [ThreadPoolExecutor-0_9]: Start processing: django-oasis4-auth
[2023-05-20 00:13:04] INFO root fetch - processPackages [pythonfinder]: New version: [2.0.3] Old Version: [2.0.2]
[2023-05-20 00:13:04] INFO root fetch - processPackages [databricks-feature-store]: New version: [0.9.1a2] Old Version: [0.9.1a1]
[2023-05-20 00:13:04] INFO root fetch - processPackages [curvesim]: New version: [0.4.0a1] Old Version: [0.3.0rc1]
[2023-05-20 00:13:04] INFO root fetch - processPackages [vtclear]: New version: [1.0] Old Version: [0.9]
[2023-05-20 00:13:04] WARNING root fetch - processPackages [passagerole]: Skipping, unable to determine old version
[2023-05-20 00:13:04] INFO root fetch - processPackages [passagerole]: Start processing: pyarmor-webui
[2023-05-20 00:13:04] INFO root fetch - main [MainThread]: End processing [passagerole] error
[2023-05-20 00:13:04] INFO root fetch - processPackages [lqs-client]: New version: [0.0.9] Old Version: [0.0.8]
[2023-05-20 00:13:04] INFO root fetch - processPackages [vgs-api-client]: New version: [0.0.45] Old Version: [0.0.44]
[2023-05-20 00:13:04] INFO root fetch - processPackages [django-oasis4-auth]: New version: [1.0.9b0] Old Version: [1.0.9]
[2023-05-20 00:13:04] WARNING root fetch - processPackages [agixt]: Skipping, unable to determine old version
[2023-05-20 00:13:04] INFO root fetch - processPackages [agixt]: Start processing: dbt-semantic-interfaces
[2023-05-20 00:13:04] INFO root fetch - main [MainThread]: End processing [agixt] error
[2023-05-20 00:13:04] INFO root fetch - processPackages [hordelib]: New version: [1.1.2] Old Version: [1.1.1]
[2023-05-20 00:13:05] INFO root fetch - processPackages [lqs-client]: executing diffoscope
[2023-05-20 00:13:05] INFO root fetch - processPackages [lqs-client]: podman run --user 0:0 --rm -w /home/abi/fetcher -v /home/abi/fetcher/tmp:/home/abi/fetcher/tmp:ro -v /home/abi/fetcher/20230520:/home/abi/fetcher/20230520:rw registry.salsa.debian.org/reproducible-builds/diffoscope --no-progress tmp/lqs-client-0.0.8.tar.gz tmp/lqs-client-0.0.9.tar.gz --markdown 20230520/l/lqs-client/0.0.8-0.0.9/diff.md --exclude *.pyd
[2023-05-20 00:13:05] INFO root fetch - processPackages [pyarmor-webui]: New version: [2.0] Old Version: [1.4.1]
[2023-05-20 00:13:05] WARNING root fetch - processPackages [dbt-semantic-interfaces]: Skipping, unable to determine old version
[2023-05-20 00:13:05] INFO root fetch - processPackages [dbt-semantic-interfaces]: Start processing: find-old-large-files
[2023-05-20 00:13:05] INFO root fetch - main [MainThread]: End processing [dbt-semantic-interfaces] error
[2023-05-20 00:13:05] INFO root fetch - processPackages [find-old-large-files]: New version: [0.4.5] Old Version: [0.4.4]
[2023-05-20 00:13:05] INFO root fetch - processPackages [databricks-feature-store]: Downloading https://files.pythonhosted.org/packages/30/59/aed8ee28be2ed6205b016482ae801c804dfde835d2383f7ca75e200ba787/databricks-feature-store-0.9.1a1.tar.gz
[2023-05-20 00:13:05] INFO root fetch - processPackages [vtclear]: Downloading https://files.pythonhosted.org/packages/91/68/376bc1abf4db6db185f84e148a815a873e0e56eb39f33a2d59132c7d4dd2/vtclear-0.9.tar.gz
[2023-05-20 00:13:05] INFO root fetch - processPackages [pythonfinder]: Downloading https://files.pythonhosted.org/packages/ed/d0/f12c75ce50718de91b34b26a4fe4f08c2e60e1de842ca37e731baef20849/pythonfinder-2.0.3.tar.gz
[2023-05-20 00:13:05] INFO root fetch - processPackages [curvesim]: Downloading https://files.pythonhosted.org/packages/12/6f/7de9aef8c463017a9cd92dda738bcdf17355ad5e37407048898de0a5ff82/curvesim-0.3.0rc1.tar.gz
[2023-05-20 00:13:05] INFO root fetch - processPackages [django-oasis4-auth]: Downloading https://files.pythonhosted.org/packages/e4/ee/22d0fffc2776a809f4cb52513e0e1014cf58b76c2c6e9094f56d8aad053b/django-oasis4-auth-1.0.9.tar.gz
[2023-05-20 00:13:05] INFO root fetch - processPackages [hordelib]: Downloading https://files.pythonhosted.org/packages/cb/d0/cbb5a2423bea1f97e71d250344d3d6b205431291d4d3379cfc4686371543/hordelib-1.1.2.tar.gz
[2023-05-20 00:13:05] INFO root fetch - processPackages [pyarmor-webui]: Downloading https://files.pythonhosted.org/packages/e0/5b/a482a0e017619efcad287cf319e5b0089133f39bc2f8da1376c1c576b6d9/pyarmor-webui-1.4.1.zip
[2023-05-20 00:13:05] INFO root fetch - processPackages [find-old-large-files]: executing diffoscope
[2023-05-20 00:13:05] INFO root fetch - processPackages [find-old-large-files]: podman run --user 0:0 --rm -w /home/abi/fetcher -v /home/abi/fetcher/tmp:/home/abi/fetcher/tmp:ro -v /home/abi/fetcher/20230520:/home/abi/fetcher/20230520:rw registry.salsa.debian.org/reproducible-builds/diffoscope --no-progress tmp/find_old_large_files-0.4.4.tar.gz tmp/find_old_large_files-0.4.5.tar.gz --markdown 20230520/f/find-old-large-files/0.4.4-0.4.5/diff.md --exclude *.pyd
[2023-05-20 00:13:05] INFO root fetch - processPackages [vgs-api-client]: executing diffoscope
[2023-05-20 00:13:05] INFO root fetch - processPackages [vgs-api-client]: podman run --user 0:0 --rm -w /home/abi/fetcher -v /home/abi/fetcher/tmp:/home/abi/fetcher/tmp:ro -v /home/abi/fetcher/20230520:/home/abi/fetcher/20230520:rw registry.salsa.debian.org/reproducible-builds/diffoscope --no-progress tmp/vgs_api_client-0.0.44-py3-none-any.whl.zip tmp/vgs_api_client-0.0.45-py3-none-any.whl.zip --markdown 20230520/v/vgs-api-client/0.0.44-0.0.45/diff.md --exclude *.pyd
[2023-05-20 00:13:05] INFO root fetch - processPackages [vtclear]: Downloading https://files.pythonhosted.org/packages/f6/19/9e22c47d84dcaa88e12e6edeb9fb3fee3fa03c4876e28369d40c21f02d7f/vtclear-1.0-py3-none-any.whl
[2023-05-20 00:13:05] INFO root fetch - processPackages [curvesim]: Downloading https://files.pythonhosted.org/packages/31/91/bedb66123398052ea52cb3ede74f6358992eeffc774228cea7a7d8d14b3e/curvesim-0.4.0a1.tar.gz
[2023-05-20 00:13:05] INFO root fetch - processPackages [hordelib]: executing diffoscope
[2023-05-20 00:13:05] INFO root fetch - processPackages [hordelib]: podman run --user 0:0 --rm -w /home/abi/fetcher -v /home/abi/fetcher/tmp:/home/abi/fetcher/tmp:ro -v /home/abi/fetcher/20230520:/home/abi/fetcher/20230520:rw registry.salsa.debian.org/reproducible-builds/diffoscope --no-progress tmp/hordelib-1.1.1.tar.gz tmp/hordelib-1.1.2.tar.gz --markdown 20230520/h/hordelib/1.1.1-1.1.2/diff.md --exclude *.pyd
[2023-05-20 00:13:05] INFO root fetch - processPackages [pyarmor-webui]: Downloading https://files.pythonhosted.org/packages/29/3c/b72a9c996d1df4ea1a988bb8883af63cabd8860662cee56170e97c07f51f/pyarmor-webui-2.0.zip
[2023-05-20 00:13:05] INFO root fetch - processPackages [pythonfinder]: executing diffoscope
[2023-05-20 00:13:05] INFO root fetch - processPackages [pythonfinder]: podman run --user 0:0 --rm -w /home/abi/fetcher -v /home/abi/fetcher/tmp:/home/abi/fetcher/tmp:ro -v /home/abi/fetcher/20230520:/home/abi/fetcher/20230520:rw registry.salsa.debian.org/reproducible-builds/diffoscope --no-progress tmp/pythonfinder-2.0.2.tar.gz tmp/pythonfinder-2.0.3.tar.gz --markdown 20230520/p/pythonfinder/2.0.2-2.0.3/diff.md --exclude *.pyd
[2023-05-20 00:13:05] INFO root fetch - processPackages [vtclear]: executing diffoscope
[2023-05-20 00:13:05] INFO root fetch - processPackages [vtclear]: podman run --user 0:0 --rm -w /home/abi/fetcher -v /home/abi/fetcher/tmp:/home/abi/fetcher/tmp:ro -v /home/abi/fetcher/20230520:/home/abi/fetcher/20230520:rw registry.salsa.debian.org/reproducible-builds/diffoscope --no-progress tmp/vtclear-0.9.tar.gz tmp/vtclear-1.0-py3-none-any.whl.zip --markdown 20230520/v/vtclear/0.9-1.0/diff.md --exclude *.pyd
[2023-05-20 00:13:05] INFO root fetch - processPackages [curvesim]: executing diffoscope
[2023-05-20 00:13:05] INFO root fetch - processPackages [curvesim]: podman run --user 0:0 --rm -w /home/abi/fetcher -v /home/abi/fetcher/tmp:/home/abi/fetcher/tmp:ro -v /home/abi/fetcher/20230520:/home/abi/fetcher/20230520:rw registry.salsa.debian.org/reproducible-builds/diffoscope --no-progress tmp/curvesim-0.3.0rc1.tar.gz tmp/curvesim-0.4.0a1.tar.gz --markdown 20230520/c/curvesim/0.3.0rc1-0.4.0a1/diff.md --exclude *.pyd
[2023-05-20 00:13:05] INFO root fetch - processPackages [databricks-feature-store]: Downloading https://files.pythonhosted.org/packages/70/3f/1bb6ad64ce3ee786bb2d7b2e20f4d24f7f531359d90f0769b532ca553e4a/databricks-feature-store-0.9.1a2.tar.gz
[2023-05-20 00:13:05] INFO root fetch - processPackages [pyarmor-webui]: executing diffoscope
[2023-05-20 00:13:05] INFO root fetch - processPackages [pyarmor-webui]: podman run --user 0:0 --rm -w /home/abi/fetcher -v /home/abi/fetcher/tmp:/home/abi/fetcher/tmp:ro -v /home/abi/fetcher/20230520:/home/abi/fetcher/20230520:rw registry.salsa.debian.org/reproducible-builds/diffoscope --no-progress tmp/pyarmor-webui-1.4.1.zip tmp/pyarmor-webui-2.0.zip --markdown 20230520/p/pyarmor-webui/1.4.1-2.0/diff.md --exclude *.pyd
[2023-05-20 00:13:05] INFO root fetch - processPackages [django-oasis4-auth]: Downloading https://files.pythonhosted.org/packages/09/15/e9ce2f3cddeb08ae56b9229e0b29084863dc9285cbb9ef12a41e80e02932/django-oasis4-auth-1.0.9b0.tar.gz
[2023-05-20 00:13:05] INFO root fetch - processPackages [django-oasis4-auth]: executing diffoscope
[2023-05-20 00:13:05] INFO root fetch - processPackages [django-oasis4-auth]: podman run --user 0:0 --rm -w /home/abi/fetcher -v /home/abi/fetcher/tmp:/home/abi/fetcher/tmp:ro -v /home/abi/fetcher/20230520:/home/abi/fetcher/20230520:rw registry.salsa.debian.org/reproducible-builds/diffoscope --no-progress tmp/django-oasis4-auth-1.0.9.tar.gz tmp/django-oasis4-auth-1.0.9b0.tar.gz --markdown 20230520/d/django-oasis4-auth/1.0.9-1.0.9b0/diff.md --exclude *.pyd
[2023-05-20 00:13:05] INFO root fetch - processPackages [databricks-feature-store]: executing diffoscope
[2023-05-20 00:13:05] INFO root fetch - processPackages [databricks-feature-store]: podman run --user 0:0 --rm -w /home/abi/fetcher -v /home/abi/fetcher/tmp:/home/abi/fetcher/tmp:ro -v /home/abi/fetcher/20230520:/home/abi/fetcher/20230520:rw registry.salsa.debian.org/reproducible-builds/diffoscope --no-progress tmp/databricks-feature-store-0.9.1a1.tar.gz tmp/databricks-feature-store-0.9.1a2.tar.gz --markdown 20230520/d/databricks-feature-store/0.9.1a1-0.9.1a2/diff.md --exclude *.pyd
[2023-05-20 00:13:06] INFO root fetch - processPackages [lqs-client]: Start processing: esi-utils-rupture
[2023-05-20 00:13:06] INFO root fetch - main [MainThread]: End processing [lqs-client]: success
[2023-05-20 00:13:06] INFO root fetch - processPackages [find-old-large-files]: Start processing: spotigrabber
[2023-05-20 00:13:06] INFO root fetch - main [MainThread]: End processing [find-old-large-files]: success
[2023-05-20 00:13:06] INFO root fetch - processPackages [esi-utils-rupture]: New version: [1.0.2] Old Version: [1.0.1]
[2023-05-20 00:13:06] INFO root fetch - processPackages [spotigrabber]: New version: [0.0.2] Old Version: [0.0.1]
[2023-05-20 00:13:06] INFO root fetch - processPackages [esi-utils-rupture]: executing diffoscope
[2023-05-20 00:13:06] INFO root fetch - processPackages [esi-utils-rupture]: podman run --user 0:0 --rm -w /home/abi/fetcher -v /home/abi/fetcher/tmp:/home/abi/fetcher/tmp:ro -v /home/abi/fetcher/20230520:/home/abi/fetcher/20230520:rw registry.salsa.debian.org/reproducible-builds/diffoscope --no-progress tmp/esi_utils_rupture-1.0.1.tar.gz tmp/esi-utils-rupture-1.0.2.tar.gz --markdown 20230520/e/esi-utils-rupture/1.0.1-1.0.2/diff.md --exclude *.pyd
[2023-05-20 00:13:06] INFO root fetch - processPackages [spotigrabber]: executing diffoscope
[2023-05-20 00:13:06] INFO root fetch - processPackages [spotigrabber]: podman run --user 0:0 --rm -w /home/abi/fetcher -v /home/abi/fetcher/tmp:/home/abi/fetcher/tmp:ro -v /home/abi/fetcher/20230520:/home/abi/fetcher/20230520:rw registry.salsa.debian.org/reproducible-builds/diffoscope --no-progress tmp/spotigrabber-0.0.1.tar.gz tmp/spotigrabber-0.0.2.tar.gz --markdown 20230520/s/spotigrabber/0.0.1-0.0.2/diff.md --exclude *.pyd
[2023-05-20 00:13:07] INFO root fetch - main [MainThread]: End processing [vgs-api-client]: success
[2023-05-20 00:13:07] INFO root fetch - main [MainThread]: End processing [vtclear]: success
[2023-05-20 00:13:07] INFO root fetch - main [MainThread]: End processing [django-oasis4-auth]: success
[2023-05-20 00:13:07] INFO root fetch - main [MainThread]: End processing [databricks-feature-store]: success
[2023-05-20 00:13:08] INFO root fetch - main [MainThread]: End processing [spotigrabber]: success
[2023-05-20 00:13:08] INFO root fetch - main [MainThread]: End processing [curvesim]: success
[2023-05-20 00:13:08] INFO root fetch - main [MainThread]: End processing [esi-utils-rupture]: success
[2023-05-20 00:13:13] INFO root fetch - main [MainThread]: End processing [pythonfinder]: success
[2023-05-20 00:13:14] INFO root fetch - main [MainThread]: End processing [pyarmor-webui]: success
[2023-05-20 00:13:17] INFO root fetch - main [MainThread]: End processing [hordelib]: success
[2023-05-20 00:13:17] INFO root fetch - main [MainThread]: Store serial: [18176165]
